


ARM Macro Assembler    Page 1 


    1 00000000         ;
    2 00000000         ;*******************************************************
                       *************************************************
    3 00000000         ;                                    EXCEPTION VECTORS &
                        STARTUP CODE
    4 00000000         ;
    5 00000000         ; File      : cstartup.s
    6 00000000         ; For       : ARMv7M Cortex-M4
    7 00000000         ; Mode      : Thumb2
    8 00000000         ; Toolchain : RealView Development Suite
    9 00000000         ;             RealView Microcontroller Development Kit (
                       MDK)
   10 00000000         ;             ARM Developer Suite (ADS)
   11 00000000         ;             Keil uVision
   12 00000000         ;*******************************************************
                       *************************************************
   13 00000000         ;
   14 00000000         
   15 00000000         ;/*
   16 00000000         ;*******************************************************
                       *************************************************
   17 00000000         ;*                           <<< Use Configuration Wizar
                       d in Context Menu >>>
   18 00000000         ;*
   19 00000000         ;* Note(s) : (1) The µVision4 Configuration Wizard enabl
                       es menu driven configuration of assembler, 
   20 00000000         ;*               C/C++, or debugger initialization files
                       . The Configuration Wizard uses control items 
   21 00000000         ;*               that are embedded into the comments of 
                       the configuration file.
   22 00000000         ;*
   23 00000000         ;*******************************************************
                       *************************************************
   24 00000000         ;*/
   25 00000000         
   26 00000000         ;/*
   27 00000000         ;*******************************************************
                       *************************************************
   28 00000000         ;*                                              STACK DE
                       FINITIONS
   29 00000000         ;*
   30 00000000         ;* Configuration Wizard Menu:
   31 00000000         ;* // <h> Stack Configuration
   32 00000000         ;* //   <o> Stack Size (in Bytes) <0x0-0xFFFFFFFF:8>
   33 00000000         ;* // </h>;
   34 00000000         ;*******************************************************
                       **************************************************
   35 00000000         ;*/
   36 00000000         
   37 00000000 00000400 
                       Stack_Size
                               EQU              0x00000400
   38 00000000         
   39 00000000                 AREA             STACK, NOINIT, READWRITE, ALIGN
=3
   40 00000000         Stack_Mem
                               SPACE            Stack_Size
   41 00000400         __initial_sp
   42 00000400         



ARM Macro Assembler    Page 2 


   43 00000400         
   44 00000400         ;/*
   45 00000400         ;*******************************************************
                       *************************************************
   46 00000400         ;*                                              STACK DE
                       FINITIONS
   47 00000400         ; <h> Heap Configuration
   48 00000400         ;   <o>  Heap Size (in Bytes) <0x0-0xFFFFFFFF:8>
   49 00000400         ; </h>
   50 00000400         ;*******************************************************
                       **************************************************
   51 00000400         ;*/
   52 00000400         
   53 00000400 00000000 
                       Heap_Size
                               EQU              0x00000000
   54 00000400         
   55 00000400                 AREA             HEAP, NOINIT, READWRITE, ALIGN=
3
   56 00000000         __heap_base
   57 00000000         Heap_Mem
                               SPACE            Heap_Size
   58 00000000         __heap_limit
   59 00000000         
   60 00000000         
   61 00000000                 PRESERVE8
   62 00000000                 THUMB
   63 00000000         
   64 00000000         
   65 00000000         ; Vector Table Mapped to Address 0 at Reset
   66 00000000         
   67 00000000                 AREA             RESET, DATA, READONLY
   68 00000000                 EXPORT           __Vectors
   69 00000000                 EXPORT           __Vectors_End
   70 00000000                 EXPORT           __Vectors_Size
   71 00000000         
   72 00000000                 IMPORT           BSP_IntHandlerDMA0
   73 00000000                 IMPORT           BSP_IntHandlerDMA1
   74 00000000                 IMPORT           BSP_IntHandlerDMA2
   75 00000000                 IMPORT           BSP_IntHandlerDMA3
   76 00000000                 IMPORT           BSP_IntHandlerDMA4
   77 00000000                 IMPORT           BSP_IntHandlerDMA5
   78 00000000                 IMPORT           BSP_IntHandlerDMA6
   79 00000000                 IMPORT           BSP_IntHandlerDMA7
   80 00000000                 IMPORT           BSP_IntHandlerDMA8
   81 00000000                 IMPORT           BSP_IntHandlerDMA9
   82 00000000                 IMPORT           BSP_IntHandlerDMA10
   83 00000000                 IMPORT           BSP_IntHandlerDMA11
   84 00000000                 IMPORT           BSP_IntHandlerDMA12
   85 00000000                 IMPORT           BSP_IntHandlerDMA13
   86 00000000                 IMPORT           BSP_IntHandlerDMA14
   87 00000000                 IMPORT           BSP_IntHandlerDMA15
   88 00000000                 IMPORT           BSP_IntHandlerDMAError
   89 00000000                 IMPORT           BSP_IntHandlerMCM
   90 00000000                 IMPORT           BSP_IntHandlerFTFL
   91 00000000                 IMPORT           BSP_IntHandlerReadCollision
   92 00000000                 IMPORT           BSP_IntHandlerLVDLVW
   93 00000000                 IMPORT           BSP_IntHandlerLLW
   94 00000000                 IMPORT           BSP_IntHandlerWatchdog



ARM Macro Assembler    Page 3 


   95 00000000                 IMPORT           BSP_IntHandlerRNGB
   96 00000000                 IMPORT           BSP_IntHandlerI2C0
   97 00000000                 IMPORT           BSP_IntHandlerI2C1
   98 00000000                 IMPORT           BSP_IntHandlerSPI0
   99 00000000                 IMPORT           BSP_IntHandlerSPI1
  100 00000000                 IMPORT           BSP_IntHandlerSPI2
  101 00000000                 IMPORT           BSP_IntHandlerCAN0ORedMessageBu
ffer
  102 00000000                 IMPORT           BSP_IntHandlerCAN0BusOff
  103 00000000                 IMPORT           BSP_IntHandlerCAN0Error
  104 00000000                 IMPORT           BSP_IntHandlerCAN0TxWarning
  105 00000000                 IMPORT           BSP_IntHandlerCAN0RxWarning
  106 00000000                 IMPORT           BSP_IntHandlerCAN0WakeUp
  107 00000000                 IMPORT           BSP_IntHandlerCAN0IMEU
  108 00000000                 IMPORT           BSP_IntHandlerCAN0LostRx
  109 00000000                 IMPORT           BSP_IntHandlerCAN1ORedMessageBu
ffer
  110 00000000                 IMPORT           BSP_IntHandlerCAN1BusOff
  111 00000000                 IMPORT           BSP_IntHandlerCAN1Error
  112 00000000                 IMPORT           BSP_IntHandlerCAN1TxWarning
  113 00000000                 IMPORT           BSP_IntHandlerCAN1RxWarning
  114 00000000                 IMPORT           BSP_IntHandlerCAN1WakeUp
  115 00000000                 IMPORT           BSP_IntHandlerCAN1IMEU
  116 00000000                 IMPORT           BSP_IntHandlerCAN1LostRx
  117 00000000                 IMPORT           BSP_IntHandlerUART0RxTx
  118 00000000                 IMPORT           BSP_IntHandlerUART0Err
  119 00000000                 IMPORT           BSP_IntHandlerUART1RxTx
  120 00000000                 IMPORT           BSP_IntHandlerUART1Err
  121 00000000                 IMPORT           BSP_IntHandlerUART2RxTx
  122 00000000                 IMPORT           BSP_IntHandlerUART2Err
  123 00000000                 IMPORT           BSP_IntHandlerUART3RxTx
  124 00000000                 IMPORT           BSP_IntHandlerUART3Err
  125 00000000                 IMPORT           BSP_IntHandlerUART4RxTx
  126 00000000                 IMPORT           BSP_IntHandlerUART4Err
  127 00000000                 IMPORT           BSP_IntHandlerUART5RxTx
  128 00000000                 IMPORT           BSP_IntHandlerUART5Err
  129 00000000                 IMPORT           BSP_IntHandlerADC0
  130 00000000                 IMPORT           BSP_IntHandlerADC1
  131 00000000                 IMPORT           BSP_IntHandlerHSCMP0
  132 00000000                 IMPORT           BSP_IntHandlerHSCMP1
  133 00000000                 IMPORT           BSP_IntHandlerHSCMP2
  134 00000000                 IMPORT           BSP_IntHandlerFTM0
  135 00000000                 IMPORT           BSP_IntHandlerFTM1
  136 00000000                 IMPORT           BSP_IntHandlerFTM2
  137 00000000                 IMPORT           BSP_IntHandlerCMT
  138 00000000                 IMPORT           BSP_IntHandlerRTC
  139 00000000                 IMPORT           BSP_IntHandlerReserved83
  140 00000000                 IMPORT           BSP_IntHandlerPIT0
  141 00000000                 IMPORT           BSP_IntHandlerPIT1
  142 00000000                 IMPORT           BSP_IntHandlerPIT2
  143 00000000                 IMPORT           BSP_IntHandlerPIT3
  144 00000000                 IMPORT           BSP_IntHandlerPDB0
  145 00000000                 IMPORT           BSP_IntHandlerUDB0
  146 00000000                 IMPORT           BSP_IntHandlerUSBDCD
  147 00000000                 IMPORT           BSP_IntHandlerEnet1588Timer
  148 00000000                 IMPORT           BSP_IntHandlerEnetTransmit
  149 00000000                 IMPORT           BSP_IntHandlerEnetReceive
  150 00000000                 IMPORT           BSP_IntHandlerEnetError
  151 00000000                 IMPORT           BSP_IntHandlerI2S0



ARM Macro Assembler    Page 4 


  152 00000000                 IMPORT           BSP_IntHandlerSDHC
  153 00000000                 IMPORT           BSP_IntHandlerDAC0
  154 00000000                 IMPORT           BSP_IntHandlerDAC1
  155 00000000                 IMPORT           BSP_IntHandlerTSI0
  156 00000000                 IMPORT           BSP_IntHandlerMCG
  157 00000000                 IMPORT           BSP_IntHandlerLPTimer
  158 00000000                 IMPORT           BSP_IntHandlerReserved102
  159 00000000                 IMPORT           BSP_IntHandlerPortA
  160 00000000                 IMPORT           BSP_IntHandlerPortB
  161 00000000                 IMPORT           BSP_IntHandlerPortC
  162 00000000                 IMPORT           BSP_IntHandlerPortD
  163 00000000                 IMPORT           BSP_IntHandlerPortE
  164 00000000                 IMPORT           BSP_IntHandlerReserved108
  165 00000000                 IMPORT           BSP_IntHandlerReserved109
  166 00000000                 IMPORT           BSP_IntHandlerReserved110
  167 00000000                 IMPORT           BSP_IntHandlerReserved111
  168 00000000                 IMPORT           BSP_IntHandlerReserved112
  169 00000000                 IMPORT           BSP_IntHandlerReserved113
  170 00000000                 IMPORT           BSP_IntHandlerReserved114
  171 00000000                 IMPORT           BSP_IntHandlerReserved115
  172 00000000                 IMPORT           BSP_IntHandlerReserved116
  173 00000000                 IMPORT           BSP_IntHandlerReserved117
  174 00000000                 IMPORT           BSP_IntHandlerReserved118
  175 00000000                 IMPORT           BSP_IntHandlerReserved119
  176 00000000         
  177 00000000                 IMPORT           OS_CPU_PendSVHandler
  178 00000000                 IMPORT           OS_CPU_SysTickHandler
  179 00000000         
  180 00000000 00000000 
                       __Vectors
                               DCD              __initial_sp ; Top of Stack
  181 00000004 00000000        DCD              Reset_Handler ; Reset Handler
  182 00000008 00000000        DCD              App_NMI_ISR ; NMI Handler
  183 0000000C 00000000        DCD              App_Fault_ISR ; Hard Fault Hand
                                                            ler
  184 00000010 00000000        DCD              App_MemFault_ISR 
                                                            ; MPU Fault Handler
                                                            
  185 00000014 00000000        DCD              App_BusFault_ISR 
                                                            ; Bus Fault Handler
                                                            
  186 00000018 00000000        DCD              App_UsageFault_ISR ; Usage Faul
                                                            t Handler
  187 0000001C 00000000        DCD              App_Spurious_ISR ; Reserved
  188 00000020 00000000        DCD              App_Spurious_ISR ; Reserved
  189 00000024 00000000        DCD              App_Spurious_ISR ; Reserved
  190 00000028 00000000        DCD              App_Spurious_ISR ; Reserved
  191 0000002C 00000000        DCD              App_Spurious_ISR 
                                                            ; SVCall Handler
  192 00000030 00000000        DCD              App_Spurious_ISR ; Debug Monito
                                                            r Handler
  193 00000034 00000000        DCD              App_Spurious_ISR ; Reserved
  194 00000038 00000000        DCD              OS_CPU_PendSVHandler 
                                                            ; PendSV Handler
  195 0000003C 00000000        DCD              OS_CPU_SysTickHandler 
                                                            ; SysTick Handler
  196 00000040         
  197 00000040         ; External Interrupts
  198 00000040 00000000        DCD              BSP_IntHandlerDMA0 ; 016 DMA Ch



ARM Macro Assembler    Page 5 


                                                            annel  0 Transfer C
                                                            omplete.           
                                                                 */
  199 00000044 00000000        DCD              BSP_IntHandlerDMA1 ; 017 DMA Ch
                                                            annel  1 Transfer C
                                                            omplete.           
                                                                 */
  200 00000048 00000000        DCD              BSP_IntHandlerDMA2 ; 018 DMA Ch
                                                            annel  2 Transfer C
                                                            omplete.           
                                                                 */
  201 0000004C 00000000        DCD              BSP_IntHandlerDMA3 ; 019 DMA Ch
                                                            annel  3 Transfer C
                                                            omplete.           
                                                                 */
  202 00000050 00000000        DCD              BSP_IntHandlerDMA4 ; 020 DMA Ch
                                                            annel  4 Transfer C
                                                            omplete.           
                                                                 */
  203 00000054 00000000        DCD              BSP_IntHandlerDMA5 ; 021 DMA Ch
                                                            annel  5 Transfer C
                                                            omplete.           
                                                                 */
  204 00000058 00000000        DCD              BSP_IntHandlerDMA6 ; 022 DMA Ch
                                                            annel  6 Transfer C
                                                            omplete.           
                                                                 */
  205 0000005C 00000000        DCD              BSP_IntHandlerDMA7 ; 023 DMA Ch
                                                            annel  7 Transfer C
                                                            omplete.           
                                                                 */
  206 00000060 00000000        DCD              BSP_IntHandlerDMA8 ; 024 DMA Ch
                                                            annel  8 Transfer C
                                                            omplete.           
                                                                 */
  207 00000064 00000000        DCD              BSP_IntHandlerDMA9 ; 025 DMA Ch
                                                            annel  9 Transfer C
                                                            omplete.           
                                                                 */
  208 00000068 00000000        DCD              BSP_IntHandlerDMA10 ; 026 DMA C
                                                            hannel 10 Transfer 
                                                            Complete.          
                                                                  */
  209 0000006C 00000000        DCD              BSP_IntHandlerDMA11 ; 027 DMA C
                                                            hannel 11 Transfer 
                                                            Complete.          
                                                                  */
  210 00000070 00000000        DCD              BSP_IntHandlerDMA12 ; 028 DMA C
                                                            hannel 12 Transfer 
                                                            Complete.          
                                                                  */
  211 00000074 00000000        DCD              BSP_IntHandlerDMA13 ; 029 DMA C
                                                            hannel 13 Transfer 
                                                            Complete.          
                                                                  */
  212 00000078 00000000        DCD              BSP_IntHandlerDMA14 ; 030 DMA C
                                                            hannel 14 Transfer 
                                                            Complete.          
                                                                  */



ARM Macro Assembler    Page 6 


  213 0000007C 00000000        DCD              BSP_IntHandlerDMA15 ; 031 DMA C
                                                            hannel 15 Transfer 
                                                            Complete.          
                                                                  */
  214 00000080 00000000        DCD              BSP_IntHandlerDMAError ; 032 DM
                                                            A Error Interrupt. 
                                                                               
                                                                     */
  215 00000084         
  216 00000084 00000000        DCD              BSP_IntHandlerMCM ; 033 Normal 
                                                            Interrupt.         
                                                                               
                                                                */
  217 00000088 00000000        DCD              BSP_IntHandlerFTFL ; 034 FTFL I
                                                            nterrupt.          
                                                                               
                                                                 */
  218 0000008C 00000000        DCD              BSP_IntHandlerReadCollision ; 0
                                                            35 Read Collision I
                                                            nterrupt.          
                                                                          */
  219 00000090 00000000        DCD              BSP_IntHandlerLVDLVW ; 036 Low 
                                                            Voltage Detect  Low
                                                             Voltage Warning.  
                                                                   */
  220 00000094 00000000        DCD              BSP_IntHandlerLLW ; 037 Low Lea
                                                            kage Wakeup.       
                                                                               
                                                                */
  221 00000098 00000000        DCD              BSP_IntHandlerWatchdog ; 038 WD
                                                            OG Interrupt.      
                                                                               
                                                                     */
  222 0000009C 00000000        DCD              BSP_IntHandlerRNGB ; 039 RNGB I
                                                            nterrupt.          
                                                                               
                                                                 */
  223 000000A0         
  224 000000A0 00000000        DCD              BSP_IntHandlerI2C0 ; 040 I2C0 i
                                                            nterrupt.          
                                                                               
                                                                 */
  225 000000A4 00000000        DCD              BSP_IntHandlerI2C1 ; 041 I2C1 i
                                                            nterrupt.          
                                                                               
                                                                 */
  226 000000A8 00000000        DCD              BSP_IntHandlerSPI0 ; 042 SPI0 I
                                                            nterrupt.          
                                                                               
                                                                 */
  227 000000AC 00000000        DCD              BSP_IntHandlerSPI1 ; 043 SPI1 I
                                                            nterrupt.          
                                                                               
                                                                 */
  228 000000B0 00000000        DCD              BSP_IntHandlerSPI2 ; 044 SPI2 I
                                                            nterrupt.          
                                                                               
                                                                 */
  229 000000B4         



ARM Macro Assembler    Page 7 


  230 000000B4 00000000        DCD              BSP_IntHandlerCAN0ORedMessageBu
ffer 
                                                            ; 045 CAN0 OR'd Mes
                                                            sage Buffers Interr
                                                            upt.             */
                                                            
  231 000000B8 00000000        DCD              BSP_IntHandlerCAN0BusOff ; 046 
                                                            CAN0 Bus Off Interr
                                                            upt.               
                                                                       */
  232 000000BC 00000000        DCD              BSP_IntHandlerCAN0Error ; 047 C
                                                            AN0 Error Interrupt
                                                            .                  
                                                                      */
  233 000000C0 00000000        DCD              BSP_IntHandlerCAN0TxWarning ; 0
                                                            48 CAN0 Tx Warning 
                                                            Interrupt.         
                                                                          */
  234 000000C4 00000000        DCD              BSP_IntHandlerCAN0RxWarning ; 0
                                                            49 CAN0 Rx Warning 
                                                            Interrupt.         
                                                                          */
  235 000000C8 00000000        DCD              BSP_IntHandlerCAN0WakeUp ; 050 
                                                            CAN0 Wake Up Interr
                                                            upt.               
                                                                       */
  236 000000CC 00000000        DCD              BSP_IntHandlerCAN0IMEU ; 051 CA
                                                            N0 Individual Match
                                                            ing Elements Update
                                                             (IMEU). */
  237 000000D0 00000000        DCD              BSP_IntHandlerCAN0LostRx ; 052 
                                                            CAN0 Lost Receive I
                                                            nterrupt.          
                                                                       */
  238 000000D4 00000000        DCD              BSP_IntHandlerCAN1ORedMessageBu
ffer 
                                                            ; 053 CAN1 OR'd Mes
                                                            sage Buffers Interr
                                                            upt.             */
                                                            
  239 000000D8 00000000        DCD              BSP_IntHandlerCAN1BusOff ; 054 
                                                            CAN1 Bus Off Interr
                                                            upt.               
                                                                       */
  240 000000DC 00000000        DCD              BSP_IntHandlerCAN1Error ; 055 C
                                                            AN1 Error Interrupt
                                                            .                  
                                                                      */
  241 000000E0 00000000        DCD              BSP_IntHandlerCAN1TxWarning ; 0
                                                            56 CAN1 Tx Warning 
                                                            Interrupt.         
                                                                          */
  242 000000E4 00000000        DCD              BSP_IntHandlerCAN1RxWarning ; 0
                                                            57 CAN1 Rx Warning 
                                                            Interrupt.         
                                                                          */
  243 000000E8 00000000        DCD              BSP_IntHandlerCAN1WakeUp ; 058 
                                                            CAN1 Wake Up Interr
                                                            upt.               



ARM Macro Assembler    Page 8 


                                                                       */
  244 000000EC 00000000        DCD              BSP_IntHandlerCAN1IMEU ; 059 CA
                                                            N1 Individual Match
                                                            ing Elements Update
                                                             (IMEU). */
  245 000000F0 00000000        DCD              BSP_IntHandlerCAN1LostRx ; 060 
                                                            CAN1 Lost Receive I
                                                            nterrupt.          
                                                                       */
  246 000000F4         
  247 000000F4 00000000        DCD              BSP_IntHandlerUART0RxTx ; 061 U
                                                            ART0 Receive/Transm
                                                            it interrupt.      
                                                                      */
  248 000000F8 00000000        DCD              BSP_IntHandlerUART0Err ; 062 UA
                                                            RT0 Error interrupt
                                                            .                  
                                                                     */
  249 000000FC 00000000        DCD              BSP_IntHandlerUART1RxTx ; 063 U
                                                            ART1 Receive/Transm
                                                            it interrupt.      
                                                                      */
  250 00000100 00000000        DCD              BSP_IntHandlerUART1Err ; 064 UA
                                                            RT1 Error interrupt
                                                            .                  
                                                                     */
  251 00000104 00000000        DCD              BSP_IntHandlerUART2RxTx ; 065 U
                                                            ART2 Receive/Transm
                                                            it interrupt.      
                                                                      */
  252 00000108 00000000        DCD              BSP_IntHandlerUART2Err ; 066 UA
                                                            RT2 Error interrupt
                                                            .                  
                                                                     */
  253 0000010C 00000000        DCD              BSP_IntHandlerUART3RxTx ; 067 U
                                                            ART3 Receive/Transm
                                                            it interrupt.      
                                                                      */
  254 00000110 00000000        DCD              BSP_IntHandlerUART3Err ; 068 UA
                                                            RT3 Error interrupt
                                                            .                  
                                                                     */
  255 00000114 00000000        DCD              BSP_IntHandlerUART4RxTx ; 069 U
                                                            ART4 Receive/Transm
                                                            it interrupt.      
                                                                      */
  256 00000118 00000000        DCD              BSP_IntHandlerUART4Err ; 070 UA
                                                            RT4 Error interrupt
                                                            .                  
                                                                     */
  257 0000011C 00000000        DCD              BSP_IntHandlerUART5RxTx ; 071 U
                                                            ART5 Receive/Transm
                                                            it interrupt.      
                                                                      */
  258 00000120 00000000        DCD              BSP_IntHandlerUART5Err ; 072 UA
                                                            RT5 Error interrupt
                                                            .                  
                                                                     */
  259 00000124         



ARM Macro Assembler    Page 9 


  260 00000124 00000000        DCD              BSP_IntHandlerADC0 ; 073 ADC0 i
                                                            nterrupt.          
                                                                               
                                                                 */
  261 00000128 00000000        DCD              BSP_IntHandlerADC1 ; 074 ADC1 i
                                                            nterrupt.          
                                                                               
                                                                 */
  262 0000012C 00000000        DCD              BSP_IntHandlerHSCMP0 ; 075 HSCM
                                                            P0 interrupt.      
                                                                               
                                                                   */
  263 00000130 00000000        DCD              BSP_IntHandlerHSCMP1 ; 076 HSCM
                                                            P1 interrupt.      
                                                                               
                                                                   */
  264 00000134 00000000        DCD              BSP_IntHandlerHSCMP2 ; 077 HSCM
                                                            P2 interrupt.      
                                                                               
                                                                   */
  265 00000138 00000000        DCD              BSP_IntHandlerFTM0 ; 078 FTM0 f
                                                            ault, overflow and 
                                                            channels interrupt.
                                                                 */
  266 0000013C 00000000        DCD              BSP_IntHandlerFTM1 ; 079 FTM1 f
                                                            ault, overflow and 
                                                            channels interrupt.
                                                                 */
  267 00000140 00000000        DCD              BSP_IntHandlerFTM2 ; 080 FTM2 f
                                                            ault, overflow and 
                                                            channels interrupt.
                                                                 */
  268 00000144 00000000        DCD              BSP_IntHandlerCMT ; 081 CMT int
                                                            errupt.            
                                                                               
                                                                */
  269 00000148 00000000        DCD              BSP_IntHandlerRTC ; 082 RTC int
                                                            errupt.            
                                                                               
                                                                */
  270 0000014C 00000000        DCD              BSP_IntHandlerReserved83 ; 083 
                                                            Reserved interrupt 
                                                            83.                
                                                                       */
  271 00000150 00000000        DCD              BSP_IntHandlerPIT0 ; 084 PIT ti
                                                            mer channel 0 inter
                                                            rupt.              
                                                                 */
  272 00000154 00000000        DCD              BSP_IntHandlerPIT1 ; 085 PIT ti
                                                            mer channel 1 inter
                                                            rupt.              
                                                                 */
  273 00000158 00000000        DCD              BSP_IntHandlerPIT2 ; 086 PIT ti
                                                            mer channel 2 inter
                                                            rupt.              
                                                                 */
  274 0000015C 00000000        DCD              BSP_IntHandlerPIT3 ; 087 PIT ti
                                                            mer channel 3 inter
                                                            rupt.              



ARM Macro Assembler    Page 10 


                                                                 */
  275 00000160 00000000        DCD              BSP_IntHandlerPDB0 ; 088 PDB0 I
                                                            nterrupt.          
                                                                               
                                                                 */
  276 00000164 00000000        DCD              BSP_IntHandlerUDB0 ; 089 USB0 i
                                                            nterrupt.          
                                                                               
                                                                 */
  277 00000168 00000000        DCD              BSP_IntHandlerUSBDCD ; 090 USBD
                                                            CD Interrupt.      
                                                                               
                                                                   */
  278 0000016C 00000000        DCD              BSP_IntHandlerEnet1588Timer ; 0
                                                            91 Ethernet MAC IEE
                                                            E 1588 Timer Interr
                                                            upt.          */
  279 00000170 00000000        DCD              BSP_IntHandlerEnetTransmit ; 09
                                                            2 Ethernet MAC Tran
                                                            smit Interrupt.    
                                                                         */
  280 00000174 00000000        DCD              BSP_IntHandlerEnetReceive ; 093
                                                             Ethernet MAC Recei
                                                            ve Interrupt.      
                                                                        */
  281 00000178 00000000        DCD              BSP_IntHandlerEnetError ; 094 E
                                                            thernet MAC Error a
                                                            nd miscelaneous Int
                                                            errupt.   */
  282 0000017C 00000000        DCD              BSP_IntHandlerI2S0 ; 095 I2S0 I
                                                            nterrupt.          
                                                                               
                                                                 */
  283 00000180 00000000        DCD              BSP_IntHandlerSDHC ; 096 SDHC I
                                                            nterrupt.          
                                                                               
                                                                 */
  284 00000184 00000000        DCD              BSP_IntHandlerDAC0 ; 097 DAC0 i
                                                            nterrupt.          
                                                                               
                                                                 */
  285 00000188 00000000        DCD              BSP_IntHandlerDAC1 ; 098 DAC1 i
                                                            nterrupt.          
                                                                               
                                                                 */
  286 0000018C 00000000        DCD              BSP_IntHandlerTSI0 ; 099 TSI0 I
                                                            nterrupt.          
                                                                               
                                                                 */
  287 00000190 00000000        DCD              BSP_IntHandlerMCG ; 100 MCG Int
                                                            errupt.            
                                                                               
                                                                */
  288 00000194 00000000        DCD              BSP_IntHandlerLPTimer ; 101 LPT
                                                            imer interrupt.    
                                                                               
                                                                    */
  289 00000198 00000000        DCD              BSP_IntHandlerReserved102 ; 102
                                                             Reserved interrupt



ARM Macro Assembler    Page 11 


                                                             102.              
                                                                        */
  290 0000019C         
  291 0000019C 00000000        DCD              BSP_IntHandlerPortA ; 103 Port 
                                                            A interrupt.       
                                                                               
                                                                  */
  292 000001A0 00000000        DCD              BSP_IntHandlerPortB ; 104 Port 
                                                            B interrupt.       
                                                                               
                                                                  */
  293 000001A4 00000000        DCD              BSP_IntHandlerPortC ; 105 Port 
                                                            C interrupt.       
                                                                               
                                                                  */
  294 000001A8 00000000        DCD              BSP_IntHandlerPortD ; 106 Port 
                                                            D interrupt.       
                                                                               
                                                                  */
  295 000001AC 00000000        DCD              BSP_IntHandlerPortE ; 107 Port 
                                                            E interrupt.       
                                                                               
                                                                  */
  296 000001B0         
  297 000001B0 00000000        DCD              BSP_IntHandlerReserved108 ; 108
                                                             Reserved interrupt
                                                             108.              
                                                                        */
  298 000001B4 00000000        DCD              BSP_IntHandlerReserved109 ; 109
                                                             Reserved interrupt
                                                             109.              
                                                                        */
  299 000001B8 00000000        DCD              BSP_IntHandlerReserved110 ; 110
                                                             Reserved interrupt
                                                             110.              
                                                                        */
  300 000001BC 00000000        DCD              BSP_IntHandlerReserved111 ; 111
                                                             Reserved interrupt
                                                             111.              
                                                                        */
  301 000001C0 00000000        DCD              BSP_IntHandlerReserved112 ; 112
                                                             Reserved interrupt
                                                             112.              
                                                                        */
  302 000001C4 00000000        DCD              BSP_IntHandlerReserved113 ; 113
                                                             Reserved interrupt
                                                             113.              
                                                                        */
  303 000001C8 00000000        DCD              BSP_IntHandlerReserved114 ; 114
                                                             Reserved interrupt
                                                             114.              
                                                                        */
  304 000001CC 00000000        DCD              BSP_IntHandlerReserved115 ; 115
                                                             Reserved interrupt
                                                             115.              
                                                                        */
  305 000001D0 00000000        DCD              BSP_IntHandlerReserved116 ; 116
                                                             Reserved interrupt
                                                             116.              



ARM Macro Assembler    Page 12 


                                                                        */
  306 000001D4 00000000        DCD              BSP_IntHandlerReserved117 ; 117
                                                             Reserved interrupt
                                                             117.              
                                                                        */
  307 000001D8 00000000        DCD              BSP_IntHandlerReserved118 ; 118
                                                             Reserved interrupt
                                                             118.              
                                                                        */
  308 000001DC 00000000        DCD              BSP_IntHandlerReserved119 ; 119
                                                             Reserved interrupt
                                                             119.              
                                                                        */
  309 000001E0         __Vectors_End
  310 000001E0         
  311 000001E0 000001E0 
                       __Vectors_Size
                               EQU              __Vectors_End - __Vectors
  312 000001E0         
  313 000001E0         
  314 000001E0         ;/*
  315 000001E0         ;*******************************************************
                       *************************************************
  316 000001E0         ;*                                              FLASH CO
                       NFIGURATION
  317 000001E0         ;*
  318 000001E0         ;* <h> Flash Configuration
  319 000001E0         ;*   <i> 16-byte flash configuration field that stores d
                       efault protection settings (loaded on reset)
  320 000001E0         ;*   <i> and security information that allows the MCU to
                        restrict acces to the FTFL module.
  321 000001E0         ;*   <h> Backdoor Comparison Key
  322 000001E0         ;*     <o0>  Backdoor Key 0  <0x0-0xFF:2>
  323 000001E0         ;*     <o1>  Backdoor Key 1  <0x0-0xFF:2>
  324 000001E0         ;*     <o2>  Backdoor Key 2  <0x0-0xFF:2>
  325 000001E0         ;*     <o3>  Backdoor Key 3  <0x0-0xFF:2>
  326 000001E0         ;*     <o4>  Backdoor Key 4  <0x0-0xFF:2>
  327 000001E0         ;*     <o5>  Backdoor Key 5  <0x0-0xFF:2>
  328 000001E0         ;*     <o6>  Backdoor Key 6  <0x0-0xFF:2>
  329 000001E0         ;*     <o7>  Backdoor Key 7  <0x0-0xFF:2>
  330 000001E0         ;*
  331 000001E0         ;*******************************************************
                       *************************************************
  332 000001E0         ;*/
  333 000001E0         
  334 000001E0 000000FF 
                       BackDoorK0
                               EQU              0xFF
  335 000001E0 000000FF 
                       BackDoorK1
                               EQU              0xFF
  336 000001E0 000000FF 
                       BackDoorK2
                               EQU              0xFF
  337 000001E0 000000FF 
                       BackDoorK3
                               EQU              0xFF
  338 000001E0 000000FF 
                       BackDoorK4



ARM Macro Assembler    Page 13 


                               EQU              0xFF
  339 000001E0 000000FF 
                       BackDoorK5
                               EQU              0xFF
  340 000001E0 000000FF 
                       BackDoorK6
                               EQU              0xFF
  341 000001E0 000000FF 
                       BackDoorK7
                               EQU              0xFF
  342 000001E0         
  343 000001E0         
  344 000001E0         ;/*
  345 000001E0         ;*******************************************************
                       *************************************************
  346 000001E0         ;*                                              FLASH PR
                       OTECTION
  347 000001E0         ;*
  348 000001E0         ;*   </h>
  349 000001E0         ;*   <h> Program flash protection bytes (FPROT)
  350 000001E0         ;*     <i> Each program flash region can be protected fr
                       om program and erase operation by setting the associated
                        PROT bit.
  351 000001E0         ;*     <i> Each bit protects a 1/32 region of the progra
                       m flash memory.
  352 000001E0         ;*
  353 000001E0         ;*******************************************************
                       *************************************************
  354 000001E0         ;*/
  355 000001E0         
  356 000001E0         ;      <i> Program Flash Region Protect Register 0
  357 000001E0 00000000 
                       nFPROT0 EQU              0x00        ;*     <h> FPROT0
  358 000001E0 000000FF 
                       FPROT0  EQU              nFPROT0:EOR:0xFF ;*       <i> P
                                                            rogram flash protec
                                                            tion bytes
  359 000001E0         ;*       <i> 1/32 - 8/32 region
  360 000001E0         ;*       <o.0>   FPROT0.0
  361 000001E0         ;*       <o.1>   FPROT0.1
  362 000001E0         ;*       <o.2>   FPROT0.2
  363 000001E0         ;*       <o.3>   FPROT0.3
  364 000001E0         ;*       <o.4>   FPROT0.4
  365 000001E0         ;*       <o.5>   FPROT0.5
  366 000001E0         ;*       <o.6>   FPROT0.6
  367 000001E0         ;*       <o.7>   FPROT0.7
  368 000001E0         
  369 000001E0         ;      <i> Program Flash Region Protect Register 1
  370 000001E0 00000000 
                       nFPROT1 EQU              0x00        ;     <h> FPROT1
  371 000001E0 000000FF 
                       FPROT1  EQU              nFPROT1:EOR:0xFF ;       <i> 9/
                                                            32 - 16/32 region
  372 000001E0         ;       <o.0>   FPROT1.0
  373 000001E0         ;       <o.1>   FPROT1.1
  374 000001E0         ;       <o.2>   FPROT1.2
  375 000001E0         ;       <o.3>   FPROT1.3
  376 000001E0         ;       <o.4>   FPROT1.4
  377 000001E0         ;       <o.5>   FPROT1.5



ARM Macro Assembler    Page 14 


  378 000001E0         ;       <o.6>   FPROT1.6
  379 000001E0         ;       <o.7>   FPROT1.7
  380 000001E0         
  381 000001E0         ;      <i> Program Flash Region Protect Register 2
  382 000001E0 00000000 
                       nFPROT2 EQU              0x00        ;     <h> FPROT2
  383 000001E0 000000FF 
                       FPROT2  EQU              nFPROT2:EOR:0xFF ;       <i> 17
                                                            /32 - 24/32 region
  384 000001E0         ;       <o.0>   FPROT2.0
  385 000001E0         ;       <o.1>   FPROT2.1
  386 000001E0         ;       <o.2>   FPROT2.2
  387 000001E0         ;       <o.3>   FPROT2.3
  388 000001E0         ;       <o.4>   FPROT2.4
  389 000001E0         ;       <o.5>   FPROT2.5
  390 000001E0         ;       <o.6>   FPROT2.6
  391 000001E0         ;       <o.7>   FPROT2.7
  392 000001E0         
  393 000001E0         ;      <i> Program Flash Region Protect Register 3
  394 000001E0 00000000 
                       nFPROT3 EQU              0x00        ;     <h> FPROT3
  395 000001E0 000000FF 
                       FPROT3  EQU              nFPROT3:EOR:0xFF ;       <i> 25
                                                            /32 - 32/32 region
  396 000001E0         ;       <o.0>   FPROT3.0
  397 000001E0         ;       <o.1>   FPROT3.1
  398 000001E0         ;       <o.2>   FPROT3.2
  399 000001E0         ;       <o.3>   FPROT3.3
  400 000001E0         ;       <o.4>   FPROT3.4
  401 000001E0         ;       <o.5>   FPROT3.5
  402 000001E0         ;       <o.6>   FPROT3.6
  403 000001E0         ;       <o.7>   FPROT3.7
  404 000001E0         
  405 000001E0         
  406 000001E0         ;/*
  407 000001E0         ;*******************************************************
                       *************************************************
  408 000001E0         ;*                                         DATA FLASH PR
                       OTECTION
  409 000001E0         ;*
  410 000001E0         ;*   </h>
  411 000001E0         ;*     <i> Each program data flash region can be protect
                       ed from program and erase operation by setting the assoc
                       iated bit.
  412 000001E0         ;*     <i> Each bit protects a 1/8 region of the data fl
                       ash memory.
  413 000001E0         ;*
  414 000001E0         ;*******************************************************
                       *************************************************
  415 000001E0         ;*/
  416 000001E0         
  417 000001E0         ;      <h> Data flash protection byte (FDPROT)
  418 000001E0 00000000 
                       nFDPROT EQU              0x00        ;     <i> (Program 
                                                            flash only devices:
                                                             Reserved)
  419 000001E0 000000FF 
                       FDPROT  EQU              nFDPROT:EOR:0xFF ;     <o.0>   
                                                            FDPROT.0



ARM Macro Assembler    Page 15 


  420 000001E0         ;     <o.1>   FDPROT.1
  421 000001E0         ;     <o.2>   FDPROT.2
  422 000001E0         ;     <o.3>   FDPROT.3
  423 000001E0         ;     <o.4>   FDPROT.4
  424 000001E0         ;     <o.5>   FDPROT.5
  425 000001E0         ;     <o.6>   FDPROT.6
  426 000001E0         ;     <o.7>   FDPROT.7
  427 000001E0         
  428 000001E0         ;      <h> EEPROM protection byte (FEPROT)
  429 000001E0 00000000 
                       nFEPROT EQU              0x00        ;     <i> FlexNVM d
                                                            evices: Each bit pr
                                                            otects a 1/8 region
                                                             of the EEPROM.
  430 000001E0 000000FF 
                       FEPROT  EQU              nFEPROT:EOR:0xFF ;     <i> (Pro
                                                            gram flash only dev
                                                            ices: Reserved)
  431 000001E0         ;     <o.0>   FEPROT.0
  432 000001E0         ;     <o.1>   FEPROT.1
  433 000001E0         ;     <o.2>   FEPROT.2
  434 000001E0         ;     <o.3>   FEPROT.3
  435 000001E0         ;     <o.4>   FEPROT.4
  436 000001E0         ;     <o.5>   FEPROT.5
  437 000001E0         ;     <o.6>   FEPROT.6
  438 000001E0         ;     <o.7>   FEPROT.7
  439 000001E0         
  440 000001E0         ;      <h> Flash nonvolatile option byte (FOPT)
  441 000001E0 000000FF 
                       FOPT    EQU              0xFF        ;     <i> Allows th
                                                            e user to customize
                                                             the operation of t
                                                            he MCU at boot time
                                                            .
  442 000001E0         ;     <o.0>  LPBOOT
  443 000001E0         ;       <0=> Low-power boot
  444 000001E0         ;       <1=> normal boot
  445 000001E0         ;     <o.1>  EZPORT_DIS
  446 000001E0         ;       <0=> EzPort operation is enabled
  447 000001E0         ;       <1=> EzPort operation is disabled
  448 000001E0         
  449 000001E0         ;/*
  450 000001E0         ;*******************************************************
                       *************************************************
  451 000001E0         ;*                                         FLASH SECURIT
                       Y PROTECTION
  452 000001E0         ;*   <h> Flash security byte (FSEC)
  453 000001E0         ;*     <i> WARNING: If SEC field is configured as "MCU s
                       ecurity status is secure" and MEEN field is configured a
                       s "Mass erase is disabled",
  454 000001E0         ;*     <i> MCU's security status cannot be set back to u
                       nsecure state since Mass erase via the debugger is block
                       ed !!!
  455 000001E0         ;*     <o.0..1> SEC
  456 000001E0         ;*       <2=> MCU security status is unsecure
  457 000001E0         ;*       <3=> MCU security status is secure
  458 000001E0         ;*         <i> Flash Security
  459 000001E0         ;*         <i> This bits define the security state of th
                       e MCU.



ARM Macro Assembler    Page 16 


  460 000001E0         ;*     <o.2..3> FSLACC
  461 000001E0         ;*       <2=> Freescale factory access denied
  462 000001E0         ;*       <3=> Freescale factory access granted
  463 000001E0         ;*         <i> Freescale Failure Analysis Access Code
  464 000001E0         ;*         <i> This bits define the security state of th
                       e MCU.
  465 000001E0         ;*     <o.4..5> MEEN
  466 000001E0         ;*       <2=> Mass erase is disabled
  467 000001E0         ;*       <3=> Mass erase is enabled
  468 000001E0         ;*         <i> Mass Erase Enable Bits
  469 000001E0         ;*         <i> Enables and disables mass erase capabilit
                       y of the FTFL module
  470 000001E0         ;*     <o.6..7> KEYEN
  471 000001E0         ;*       <2=> Backdoor key access enabled
  472 000001E0         ;*       <3=> Backdoor key access disabled
  473 000001E0         ;*         <i> Backdoor key Security Enable
  474 000001E0         ;*         <i> These bits enable and disable backdoor ke
                       y access to the FTFL module.
  475 000001E0         ;*
  476 000001E0         ;*******************************************************
                       *************************************************
  477 000001E0         ;*/
  478 000001E0         
  479 000001E0 000000FE 
                       FSEC    EQU              0xFE
  480 000001E0         
  481 000001E0         
  482 000001E0                 IF               :LNOT::DEF:RAM_TARGET
  483 000001E0                 AREA             |.ARM.__at_0x400|, CODE, READON
LY
  484 00000000 FF FF FF 
              FF               DCB              BackDoorK0, BackDoorK1, BackDoo
rK2, BackDoorK3
  485 00000004 FF FF FF 
              FF               DCB              BackDoorK4, BackDoorK5, BackDoo
rK6, BackDoorK7
  486 00000008 FF FF FF 
              FF               DCB              FPROT0,     FPROT1,     FPROT2,
     FPROT3
  487 0000000C FE FF FF 
              FF               DCB              FSEC,       FOPT,       FEPROT,
     FDPROT
  488 00000010                 ENDIF
  489 00000010         
  490 00000010                 AREA             |.text|, CODE, READONLY
  491 00000000         
  492 00000000         
  493 00000000         ;/*
  494 00000000         ;*******************************************************
                       *************************************************
  495 00000000         ;*                                          RESET HANDLE
                       R
  496 00000000         ;*******************************************************
                       *************************************************
  497 00000000         ;*/
  498 00000000         
  499 00000000         Reset_Handler
                               PROC
  500 00000000                 EXPORT           Reset_Handler             [WEAK



ARM Macro Assembler    Page 17 


]
  501 00000000         
  502 00000000                 IMPORT           __main
  503 00000000 4807            LDR              R0, =__main
  504 00000002 4700            BX               R0
  505 00000004                 ENDP
  506 00000004         
  507 00000004         ;/*
  508 00000004         ;*******************************************************
                       *************************************************
  509 00000004         ;*                                       DUMMY EXCEPTION
                        HANDLERS
  510 00000004         ;*
  511 00000004         ;*     <i> Infinite loops which can be modified
  512 00000004         ;*
  513 00000004         ;*******************************************************
                       *************************************************
  514 00000004         ;*/                
  515 00000004         
  516 00000004         App_NMI_ISR
                               PROC
  517 00000004                 EXPORT           App_NMI_ISR                   [
WEAK]
  518 00000004 E7FE            B                .
  519 00000006                 ENDP
  521 00000006         App_Fault_ISR
                               PROC
  522 00000006                 EXPORT           App_Fault_ISR                 [
WEAK]
  523 00000006 E7FE            B                .
  524 00000008                 ENDP
  526 00000008         App_MemFault_ISR
                               PROC
  527 00000008                 EXPORT           App_MemFault_ISR             [W
EAK]
  528 00000008 E7FE            B                .
  529 0000000A                 ENDP
  531 0000000A         App_BusFault_ISR
                               PROC
  532 0000000A                 EXPORT           App_BusFault_ISR             [W
EAK]
  533 0000000A E7FE            B                .
  534 0000000C                 ENDP
  536 0000000C         App_UsageFault_ISR
                               PROC
  537 0000000C                 EXPORT           App_UsageFault_ISR            [
WEAK]
  538 0000000C E7FE            B                .
  539 0000000E                 ENDP
  541 0000000E         App_Spurious_ISR
                               PROC
  542 0000000E                 EXPORT           App_Spurious_ISR               
 [WEAK]
  543 0000000E E7FE            B                .
  544 00000010                 ENDP
  546 00000010         App_Reserved_ISR
                               PROC
  547 00000010                 EXPORT           App_Reserved_ISR               
 [WEAK]



ARM Macro Assembler    Page 18 


  548 00000010 E7FE            B                .
  549 00000012                 ENDP
  550 00000012         
  551 00000012         
  552 00000012 00 00           ALIGN
  553 00000014         
  554 00000014         
  555 00000014         ; User Initial Stack & Heap
  556 00000014         
  557 00000014                 IF               :DEF:__MICROLIB
  564 00000014         
  565 00000014                 IMPORT           __use_two_region_memory
  566 00000014                 EXPORT           __user_initial_stackheap
  567 00000014         
  568 00000014         __user_initial_stackheap
  569 00000014         
  570 00000014 4803            LDR              R0, =  Heap_Mem
  571 00000016 4904            LDR              R1, =(Stack_Mem + Stack_Size)
  572 00000018 4A02            LDR              R2, = (Heap_Mem +  Heap_Size)
  573 0000001A 4B04            LDR              R3, = Stack_Mem
  574 0000001C 4770            BX               LR
  575 0000001E         
  576 0000001E 00 00           ALIGN
  577 00000020         
  578 00000020                 ENDIF
  579 00000020         
  580 00000020         
  581 00000020                 END
              00000000 
              00000000 
              00000400 
              00000000 
Command Line: --debug --xref --cpu=Cortex-M4 --apcs=interwork --depend=.\obj\cs
tartup.d -o.\obj\cstartup.o -ID:\Keil_v5\ARM\RV31\INC -ID:\Keil_v5\ARM\PACK\ARM
\CMSIS\3.20.4\CMSIS\Include -ID:\Keil_v5\ARM\Inc\Freescale\Kinetis --list=.\lst
\cstartup.lst ..\BSP\cstartup.s



ARM Macro Assembler    Page 1 Alphabetic symbol ordering
Relocatable symbols

STACK 00000000

Symbol: STACK
   Definitions
      At line 39 in file ..\BSP\cstartup.s
   Uses
      None
Comment: STACK unused
Stack_Mem 00000000

Symbol: Stack_Mem
   Definitions
      At line 40 in file ..\BSP\cstartup.s
   Uses
      At line 571 in file ..\BSP\cstartup.s
      At line 573 in file ..\BSP\cstartup.s

__initial_sp 00000400

Symbol: __initial_sp
   Definitions
      At line 41 in file ..\BSP\cstartup.s
   Uses
      At line 180 in file ..\BSP\cstartup.s
Comment: __initial_sp used once
3 symbols



ARM Macro Assembler    Page 1 Alphabetic symbol ordering
Relocatable symbols

HEAP 00000000

Symbol: HEAP
   Definitions
      At line 55 in file ..\BSP\cstartup.s
   Uses
      None
Comment: HEAP unused
Heap_Mem 00000000

Symbol: Heap_Mem
   Definitions
      At line 57 in file ..\BSP\cstartup.s
   Uses
      At line 570 in file ..\BSP\cstartup.s
      At line 572 in file ..\BSP\cstartup.s

__heap_base 00000000

Symbol: __heap_base
   Definitions
      At line 56 in file ..\BSP\cstartup.s
   Uses
      None
Comment: __heap_base unused
__heap_limit 00000000

Symbol: __heap_limit
   Definitions
      At line 58 in file ..\BSP\cstartup.s
   Uses
      None
Comment: __heap_limit unused
4 symbols



ARM Macro Assembler    Page 1 Alphabetic symbol ordering
Relocatable symbols

RESET 00000000

Symbol: RESET
   Definitions
      At line 67 in file ..\BSP\cstartup.s
   Uses
      None
Comment: RESET unused
__Vectors 00000000

Symbol: __Vectors
   Definitions
      At line 180 in file ..\BSP\cstartup.s
   Uses
      At line 68 in file ..\BSP\cstartup.s
      At line 311 in file ..\BSP\cstartup.s

__Vectors_End 000001E0

Symbol: __Vectors_End
   Definitions
      At line 309 in file ..\BSP\cstartup.s
   Uses
      At line 69 in file ..\BSP\cstartup.s
      At line 311 in file ..\BSP\cstartup.s

3 symbols



ARM Macro Assembler    Page 1 Alphabetic symbol ordering
Relocatable symbols

.ARM.__at_0x400 00000000

Symbol: .ARM.__at_0x400
   Definitions
      At line 483 in file ..\BSP\cstartup.s
   Uses
      None
Comment: .ARM.__at_0x400 unused
1 symbol



ARM Macro Assembler    Page 1 Alphabetic symbol ordering
Relocatable symbols

.text 00000000

Symbol: .text
   Definitions
      At line 490 in file ..\BSP\cstartup.s
   Uses
      None
Comment: .text unused
App_BusFault_ISR 0000000A

Symbol: App_BusFault_ISR
   Definitions
      At line 531 in file ..\BSP\cstartup.s
   Uses
      At line 185 in file ..\BSP\cstartup.s
      At line 532 in file ..\BSP\cstartup.s

App_Fault_ISR 00000006

Symbol: App_Fault_ISR
   Definitions
      At line 521 in file ..\BSP\cstartup.s
   Uses
      At line 183 in file ..\BSP\cstartup.s
      At line 522 in file ..\BSP\cstartup.s

App_MemFault_ISR 00000008

Symbol: App_MemFault_ISR
   Definitions
      At line 526 in file ..\BSP\cstartup.s
   Uses
      At line 184 in file ..\BSP\cstartup.s
      At line 527 in file ..\BSP\cstartup.s

App_NMI_ISR 00000004

Symbol: App_NMI_ISR
   Definitions
      At line 516 in file ..\BSP\cstartup.s
   Uses
      At line 182 in file ..\BSP\cstartup.s
      At line 517 in file ..\BSP\cstartup.s

App_Reserved_ISR 00000010

Symbol: App_Reserved_ISR
   Definitions
      At line 546 in file ..\BSP\cstartup.s
   Uses
      At line 547 in file ..\BSP\cstartup.s
Comment: App_Reserved_ISR used once
App_Spurious_ISR 0000000E

Symbol: App_Spurious_ISR
   Definitions
      At line 541 in file ..\BSP\cstartup.s
   Uses
      At line 187 in file ..\BSP\cstartup.s



ARM Macro Assembler    Page 2 Alphabetic symbol ordering
Relocatable symbols

      At line 188 in file ..\BSP\cstartup.s
      At line 189 in file ..\BSP\cstartup.s
      At line 190 in file ..\BSP\cstartup.s
      At line 191 in file ..\BSP\cstartup.s
      At line 192 in file ..\BSP\cstartup.s
      At line 193 in file ..\BSP\cstartup.s
      At line 542 in file ..\BSP\cstartup.s

App_UsageFault_ISR 0000000C

Symbol: App_UsageFault_ISR
   Definitions
      At line 536 in file ..\BSP\cstartup.s
   Uses
      At line 186 in file ..\BSP\cstartup.s
      At line 537 in file ..\BSP\cstartup.s

Reset_Handler 00000000

Symbol: Reset_Handler
   Definitions
      At line 499 in file ..\BSP\cstartup.s
   Uses
      At line 181 in file ..\BSP\cstartup.s
      At line 500 in file ..\BSP\cstartup.s

__user_initial_stackheap 00000014

Symbol: __user_initial_stackheap
   Definitions
      At line 568 in file ..\BSP\cstartup.s
   Uses
      At line 566 in file ..\BSP\cstartup.s
Comment: __user_initial_stackheap used once
10 symbols



ARM Macro Assembler    Page 1 Alphabetic symbol ordering
Absolute symbols

BackDoorK0 000000FF

Symbol: BackDoorK0
   Definitions
      At line 334 in file ..\BSP\cstartup.s
   Uses
      At line 484 in file ..\BSP\cstartup.s
Comment: BackDoorK0 used once
BackDoorK1 000000FF

Symbol: BackDoorK1
   Definitions
      At line 335 in file ..\BSP\cstartup.s
   Uses
      At line 484 in file ..\BSP\cstartup.s
Comment: BackDoorK1 used once
BackDoorK2 000000FF

Symbol: BackDoorK2
   Definitions
      At line 336 in file ..\BSP\cstartup.s
   Uses
      At line 484 in file ..\BSP\cstartup.s
Comment: BackDoorK2 used once
BackDoorK3 000000FF

Symbol: BackDoorK3
   Definitions
      At line 337 in file ..\BSP\cstartup.s
   Uses
      At line 484 in file ..\BSP\cstartup.s
Comment: BackDoorK3 used once
BackDoorK4 000000FF

Symbol: BackDoorK4
   Definitions
      At line 338 in file ..\BSP\cstartup.s
   Uses
      At line 485 in file ..\BSP\cstartup.s
Comment: BackDoorK4 used once
BackDoorK5 000000FF

Symbol: BackDoorK5
   Definitions
      At line 339 in file ..\BSP\cstartup.s
   Uses
      At line 485 in file ..\BSP\cstartup.s
Comment: BackDoorK5 used once
BackDoorK6 000000FF

Symbol: BackDoorK6
   Definitions
      At line 340 in file ..\BSP\cstartup.s
   Uses
      At line 485 in file ..\BSP\cstartup.s
Comment: BackDoorK6 used once
BackDoorK7 000000FF

Symbol: BackDoorK7



ARM Macro Assembler    Page 2 Alphabetic symbol ordering
Absolute symbols

   Definitions
      At line 341 in file ..\BSP\cstartup.s
   Uses
      At line 485 in file ..\BSP\cstartup.s
Comment: BackDoorK7 used once
FDPROT 000000FF

Symbol: FDPROT
   Definitions
      At line 419 in file ..\BSP\cstartup.s
   Uses
      At line 487 in file ..\BSP\cstartup.s
Comment: FDPROT used once
FEPROT 000000FF

Symbol: FEPROT
   Definitions
      At line 430 in file ..\BSP\cstartup.s
   Uses
      At line 487 in file ..\BSP\cstartup.s
Comment: FEPROT used once
FOPT 000000FF

Symbol: FOPT
   Definitions
      At line 441 in file ..\BSP\cstartup.s
   Uses
      At line 487 in file ..\BSP\cstartup.s
Comment: FOPT used once
FPROT0 000000FF

Symbol: FPROT0
   Definitions
      At line 358 in file ..\BSP\cstartup.s
   Uses
      At line 486 in file ..\BSP\cstartup.s
Comment: FPROT0 used once
FPROT1 000000FF

Symbol: FPROT1
   Definitions
      At line 371 in file ..\BSP\cstartup.s
   Uses
      At line 486 in file ..\BSP\cstartup.s
Comment: FPROT1 used once
FPROT2 000000FF

Symbol: FPROT2
   Definitions
      At line 383 in file ..\BSP\cstartup.s
   Uses
      At line 486 in file ..\BSP\cstartup.s
Comment: FPROT2 used once
FPROT3 000000FF

Symbol: FPROT3
   Definitions
      At line 395 in file ..\BSP\cstartup.s
   Uses



ARM Macro Assembler    Page 3 Alphabetic symbol ordering
Absolute symbols

      At line 486 in file ..\BSP\cstartup.s
Comment: FPROT3 used once
FSEC 000000FE

Symbol: FSEC
   Definitions
      At line 479 in file ..\BSP\cstartup.s
   Uses
      At line 487 in file ..\BSP\cstartup.s
Comment: FSEC used once
Heap_Size 00000000

Symbol: Heap_Size
   Definitions
      At line 53 in file ..\BSP\cstartup.s
   Uses
      At line 57 in file ..\BSP\cstartup.s
      At line 572 in file ..\BSP\cstartup.s

Stack_Size 00000400

Symbol: Stack_Size
   Definitions
      At line 37 in file ..\BSP\cstartup.s
   Uses
      At line 40 in file ..\BSP\cstartup.s
      At line 571 in file ..\BSP\cstartup.s

__Vectors_Size 000001E0

Symbol: __Vectors_Size
   Definitions
      At line 311 in file ..\BSP\cstartup.s
   Uses
      At line 70 in file ..\BSP\cstartup.s
Comment: __Vectors_Size used once
nFDPROT 00000000

Symbol: nFDPROT
   Definitions
      At line 418 in file ..\BSP\cstartup.s
   Uses
      At line 419 in file ..\BSP\cstartup.s
Comment: nFDPROT used once
nFEPROT 00000000

Symbol: nFEPROT
   Definitions
      At line 429 in file ..\BSP\cstartup.s
   Uses
      At line 430 in file ..\BSP\cstartup.s
Comment: nFEPROT used once
nFPROT0 00000000

Symbol: nFPROT0
   Definitions
      At line 357 in file ..\BSP\cstartup.s
   Uses
      At line 358 in file ..\BSP\cstartup.s



ARM Macro Assembler    Page 4 Alphabetic symbol ordering
Absolute symbols

Comment: nFPROT0 used once
nFPROT1 00000000

Symbol: nFPROT1
   Definitions
      At line 370 in file ..\BSP\cstartup.s
   Uses
      At line 371 in file ..\BSP\cstartup.s
Comment: nFPROT1 used once
nFPROT2 00000000

Symbol: nFPROT2
   Definitions
      At line 382 in file ..\BSP\cstartup.s
   Uses
      At line 383 in file ..\BSP\cstartup.s
Comment: nFPROT2 used once
nFPROT3 00000000

Symbol: nFPROT3
   Definitions
      At line 394 in file ..\BSP\cstartup.s
   Uses
      At line 395 in file ..\BSP\cstartup.s
Comment: nFPROT3 used once
25 symbols



ARM Macro Assembler    Page 1 Alphabetic symbol ordering
External symbols

BSP_IntHandlerADC0 00000000

Symbol: BSP_IntHandlerADC0
   Definitions
      At line 129 in file ..\BSP\cstartup.s
   Uses
      At line 260 in file ..\BSP\cstartup.s
Comment: BSP_IntHandlerADC0 used once
BSP_IntHandlerADC1 00000000

Symbol: BSP_IntHandlerADC1
   Definitions
      At line 130 in file ..\BSP\cstartup.s
   Uses
      At line 261 in file ..\BSP\cstartup.s
Comment: BSP_IntHandlerADC1 used once
BSP_IntHandlerCAN0BusOff 00000000

Symbol: BSP_IntHandlerCAN0BusOff
   Definitions
      At line 102 in file ..\BSP\cstartup.s
   Uses
      At line 231 in file ..\BSP\cstartup.s
Comment: BSP_IntHandlerCAN0BusOff used once
BSP_IntHandlerCAN0Error 00000000

Symbol: BSP_IntHandlerCAN0Error
   Definitions
      At line 103 in file ..\BSP\cstartup.s
   Uses
      At line 232 in file ..\BSP\cstartup.s
Comment: BSP_IntHandlerCAN0Error used once
BSP_IntHandlerCAN0IMEU 00000000

Symbol: BSP_IntHandlerCAN0IMEU
   Definitions
      At line 107 in file ..\BSP\cstartup.s
   Uses
      At line 236 in file ..\BSP\cstartup.s
Comment: BSP_IntHandlerCAN0IMEU used once
BSP_IntHandlerCAN0LostRx 00000000

Symbol: BSP_IntHandlerCAN0LostRx
   Definitions
      At line 108 in file ..\BSP\cstartup.s
   Uses
      At line 237 in file ..\BSP\cstartup.s
Comment: BSP_IntHandlerCAN0LostRx used once
BSP_IntHandlerCAN0ORedMessageBuffer 00000000

Symbol: BSP_IntHandlerCAN0ORedMessageBuffer
   Definitions
      At line 101 in file ..\BSP\cstartup.s
   Uses
      At line 230 in file ..\BSP\cstartup.s
Comment: BSP_IntHandlerCAN0ORedMessageBuffer used once
BSP_IntHandlerCAN0RxWarning 00000000

Symbol: BSP_IntHandlerCAN0RxWarning



ARM Macro Assembler    Page 2 Alphabetic symbol ordering
External symbols

   Definitions
      At line 105 in file ..\BSP\cstartup.s
   Uses
      At line 234 in file ..\BSP\cstartup.s
Comment: BSP_IntHandlerCAN0RxWarning used once
BSP_IntHandlerCAN0TxWarning 00000000

Symbol: BSP_IntHandlerCAN0TxWarning
   Definitions
      At line 104 in file ..\BSP\cstartup.s
   Uses
      At line 233 in file ..\BSP\cstartup.s
Comment: BSP_IntHandlerCAN0TxWarning used once
BSP_IntHandlerCAN0WakeUp 00000000

Symbol: BSP_IntHandlerCAN0WakeUp
   Definitions
      At line 106 in file ..\BSP\cstartup.s
   Uses
      At line 235 in file ..\BSP\cstartup.s
Comment: BSP_IntHandlerCAN0WakeUp used once
BSP_IntHandlerCAN1BusOff 00000000

Symbol: BSP_IntHandlerCAN1BusOff
   Definitions
      At line 110 in file ..\BSP\cstartup.s
   Uses
      At line 239 in file ..\BSP\cstartup.s
Comment: BSP_IntHandlerCAN1BusOff used once
BSP_IntHandlerCAN1Error 00000000

Symbol: BSP_IntHandlerCAN1Error
   Definitions
      At line 111 in file ..\BSP\cstartup.s
   Uses
      At line 240 in file ..\BSP\cstartup.s
Comment: BSP_IntHandlerCAN1Error used once
BSP_IntHandlerCAN1IMEU 00000000

Symbol: BSP_IntHandlerCAN1IMEU
   Definitions
      At line 115 in file ..\BSP\cstartup.s
   Uses
      At line 244 in file ..\BSP\cstartup.s
Comment: BSP_IntHandlerCAN1IMEU used once
BSP_IntHandlerCAN1LostRx 00000000

Symbol: BSP_IntHandlerCAN1LostRx
   Definitions
      At line 116 in file ..\BSP\cstartup.s
   Uses
      At line 245 in file ..\BSP\cstartup.s
Comment: BSP_IntHandlerCAN1LostRx used once
BSP_IntHandlerCAN1ORedMessageBuffer 00000000

Symbol: BSP_IntHandlerCAN1ORedMessageBuffer
   Definitions
      At line 109 in file ..\BSP\cstartup.s
   Uses



ARM Macro Assembler    Page 3 Alphabetic symbol ordering
External symbols

      At line 238 in file ..\BSP\cstartup.s
Comment: BSP_IntHandlerCAN1ORedMessageBuffer used once
BSP_IntHandlerCAN1RxWarning 00000000

Symbol: BSP_IntHandlerCAN1RxWarning
   Definitions
      At line 113 in file ..\BSP\cstartup.s
   Uses
      At line 242 in file ..\BSP\cstartup.s
Comment: BSP_IntHandlerCAN1RxWarning used once
BSP_IntHandlerCAN1TxWarning 00000000

Symbol: BSP_IntHandlerCAN1TxWarning
   Definitions
      At line 112 in file ..\BSP\cstartup.s
   Uses
      At line 241 in file ..\BSP\cstartup.s
Comment: BSP_IntHandlerCAN1TxWarning used once
BSP_IntHandlerCAN1WakeUp 00000000

Symbol: BSP_IntHandlerCAN1WakeUp
   Definitions
      At line 114 in file ..\BSP\cstartup.s
   Uses
      At line 243 in file ..\BSP\cstartup.s
Comment: BSP_IntHandlerCAN1WakeUp used once
BSP_IntHandlerCMT 00000000

Symbol: BSP_IntHandlerCMT
   Definitions
      At line 137 in file ..\BSP\cstartup.s
   Uses
      At line 268 in file ..\BSP\cstartup.s
Comment: BSP_IntHandlerCMT used once
BSP_IntHandlerDAC0 00000000

Symbol: BSP_IntHandlerDAC0
   Definitions
      At line 153 in file ..\BSP\cstartup.s
   Uses
      At line 284 in file ..\BSP\cstartup.s
Comment: BSP_IntHandlerDAC0 used once
BSP_IntHandlerDAC1 00000000

Symbol: BSP_IntHandlerDAC1
   Definitions
      At line 154 in file ..\BSP\cstartup.s
   Uses
      At line 285 in file ..\BSP\cstartup.s
Comment: BSP_IntHandlerDAC1 used once
BSP_IntHandlerDMA0 00000000

Symbol: BSP_IntHandlerDMA0
   Definitions
      At line 72 in file ..\BSP\cstartup.s
   Uses
      At line 198 in file ..\BSP\cstartup.s
Comment: BSP_IntHandlerDMA0 used once
BSP_IntHandlerDMA1 00000000



ARM Macro Assembler    Page 4 Alphabetic symbol ordering
External symbols


Symbol: BSP_IntHandlerDMA1
   Definitions
      At line 73 in file ..\BSP\cstartup.s
   Uses
      At line 199 in file ..\BSP\cstartup.s
Comment: BSP_IntHandlerDMA1 used once
BSP_IntHandlerDMA10 00000000

Symbol: BSP_IntHandlerDMA10
   Definitions
      At line 82 in file ..\BSP\cstartup.s
   Uses
      At line 208 in file ..\BSP\cstartup.s
Comment: BSP_IntHandlerDMA10 used once
BSP_IntHandlerDMA11 00000000

Symbol: BSP_IntHandlerDMA11
   Definitions
      At line 83 in file ..\BSP\cstartup.s
   Uses
      At line 209 in file ..\BSP\cstartup.s
Comment: BSP_IntHandlerDMA11 used once
BSP_IntHandlerDMA12 00000000

Symbol: BSP_IntHandlerDMA12
   Definitions
      At line 84 in file ..\BSP\cstartup.s
   Uses
      At line 210 in file ..\BSP\cstartup.s
Comment: BSP_IntHandlerDMA12 used once
BSP_IntHandlerDMA13 00000000

Symbol: BSP_IntHandlerDMA13
   Definitions
      At line 85 in file ..\BSP\cstartup.s
   Uses
      At line 211 in file ..\BSP\cstartup.s
Comment: BSP_IntHandlerDMA13 used once
BSP_IntHandlerDMA14 00000000

Symbol: BSP_IntHandlerDMA14
   Definitions
      At line 86 in file ..\BSP\cstartup.s
   Uses
      At line 212 in file ..\BSP\cstartup.s
Comment: BSP_IntHandlerDMA14 used once
BSP_IntHandlerDMA15 00000000

Symbol: BSP_IntHandlerDMA15
   Definitions
      At line 87 in file ..\BSP\cstartup.s
   Uses
      At line 213 in file ..\BSP\cstartup.s
Comment: BSP_IntHandlerDMA15 used once
BSP_IntHandlerDMA2 00000000

Symbol: BSP_IntHandlerDMA2
   Definitions



ARM Macro Assembler    Page 5 Alphabetic symbol ordering
External symbols

      At line 74 in file ..\BSP\cstartup.s
   Uses
      At line 200 in file ..\BSP\cstartup.s
Comment: BSP_IntHandlerDMA2 used once
BSP_IntHandlerDMA3 00000000

Symbol: BSP_IntHandlerDMA3
   Definitions
      At line 75 in file ..\BSP\cstartup.s
   Uses
      At line 201 in file ..\BSP\cstartup.s
Comment: BSP_IntHandlerDMA3 used once
BSP_IntHandlerDMA4 00000000

Symbol: BSP_IntHandlerDMA4
   Definitions
      At line 76 in file ..\BSP\cstartup.s
   Uses
      At line 202 in file ..\BSP\cstartup.s
Comment: BSP_IntHandlerDMA4 used once
BSP_IntHandlerDMA5 00000000

Symbol: BSP_IntHandlerDMA5
   Definitions
      At line 77 in file ..\BSP\cstartup.s
   Uses
      At line 203 in file ..\BSP\cstartup.s
Comment: BSP_IntHandlerDMA5 used once
BSP_IntHandlerDMA6 00000000

Symbol: BSP_IntHandlerDMA6
   Definitions
      At line 78 in file ..\BSP\cstartup.s
   Uses
      At line 204 in file ..\BSP\cstartup.s
Comment: BSP_IntHandlerDMA6 used once
BSP_IntHandlerDMA7 00000000

Symbol: BSP_IntHandlerDMA7
   Definitions
      At line 79 in file ..\BSP\cstartup.s
   Uses
      At line 205 in file ..\BSP\cstartup.s
Comment: BSP_IntHandlerDMA7 used once
BSP_IntHandlerDMA8 00000000

Symbol: BSP_IntHandlerDMA8
   Definitions
      At line 80 in file ..\BSP\cstartup.s
   Uses
      At line 206 in file ..\BSP\cstartup.s
Comment: BSP_IntHandlerDMA8 used once
BSP_IntHandlerDMA9 00000000

Symbol: BSP_IntHandlerDMA9
   Definitions
      At line 81 in file ..\BSP\cstartup.s
   Uses
      At line 207 in file ..\BSP\cstartup.s



ARM Macro Assembler    Page 6 Alphabetic symbol ordering
External symbols

Comment: BSP_IntHandlerDMA9 used once
BSP_IntHandlerDMAError 00000000

Symbol: BSP_IntHandlerDMAError
   Definitions
      At line 88 in file ..\BSP\cstartup.s
   Uses
      At line 214 in file ..\BSP\cstartup.s
Comment: BSP_IntHandlerDMAError used once
BSP_IntHandlerEnet1588Timer 00000000

Symbol: BSP_IntHandlerEnet1588Timer
   Definitions
      At line 147 in file ..\BSP\cstartup.s
   Uses
      At line 278 in file ..\BSP\cstartup.s
Comment: BSP_IntHandlerEnet1588Timer used once
BSP_IntHandlerEnetError 00000000

Symbol: BSP_IntHandlerEnetError
   Definitions
      At line 150 in file ..\BSP\cstartup.s
   Uses
      At line 281 in file ..\BSP\cstartup.s
Comment: BSP_IntHandlerEnetError used once
BSP_IntHandlerEnetReceive 00000000

Symbol: BSP_IntHandlerEnetReceive
   Definitions
      At line 149 in file ..\BSP\cstartup.s
   Uses
      At line 280 in file ..\BSP\cstartup.s
Comment: BSP_IntHandlerEnetReceive used once
BSP_IntHandlerEnetTransmit 00000000

Symbol: BSP_IntHandlerEnetTransmit
   Definitions
      At line 148 in file ..\BSP\cstartup.s
   Uses
      At line 279 in file ..\BSP\cstartup.s
Comment: BSP_IntHandlerEnetTransmit used once
BSP_IntHandlerFTFL 00000000

Symbol: BSP_IntHandlerFTFL
   Definitions
      At line 90 in file ..\BSP\cstartup.s
   Uses
      At line 217 in file ..\BSP\cstartup.s
Comment: BSP_IntHandlerFTFL used once
BSP_IntHandlerFTM0 00000000

Symbol: BSP_IntHandlerFTM0
   Definitions
      At line 134 in file ..\BSP\cstartup.s
   Uses
      At line 265 in file ..\BSP\cstartup.s
Comment: BSP_IntHandlerFTM0 used once
BSP_IntHandlerFTM1 00000000




ARM Macro Assembler    Page 7 Alphabetic symbol ordering
External symbols

Symbol: BSP_IntHandlerFTM1
   Definitions
      At line 135 in file ..\BSP\cstartup.s
   Uses
      At line 266 in file ..\BSP\cstartup.s
Comment: BSP_IntHandlerFTM1 used once
BSP_IntHandlerFTM2 00000000

Symbol: BSP_IntHandlerFTM2
   Definitions
      At line 136 in file ..\BSP\cstartup.s
   Uses
      At line 267 in file ..\BSP\cstartup.s
Comment: BSP_IntHandlerFTM2 used once
BSP_IntHandlerHSCMP0 00000000

Symbol: BSP_IntHandlerHSCMP0
   Definitions
      At line 131 in file ..\BSP\cstartup.s
   Uses
      At line 262 in file ..\BSP\cstartup.s
Comment: BSP_IntHandlerHSCMP0 used once
BSP_IntHandlerHSCMP1 00000000

Symbol: BSP_IntHandlerHSCMP1
   Definitions
      At line 132 in file ..\BSP\cstartup.s
   Uses
      At line 263 in file ..\BSP\cstartup.s
Comment: BSP_IntHandlerHSCMP1 used once
BSP_IntHandlerHSCMP2 00000000

Symbol: BSP_IntHandlerHSCMP2
   Definitions
      At line 133 in file ..\BSP\cstartup.s
   Uses
      At line 264 in file ..\BSP\cstartup.s
Comment: BSP_IntHandlerHSCMP2 used once
BSP_IntHandlerI2C0 00000000

Symbol: BSP_IntHandlerI2C0
   Definitions
      At line 96 in file ..\BSP\cstartup.s
   Uses
      At line 224 in file ..\BSP\cstartup.s
Comment: BSP_IntHandlerI2C0 used once
BSP_IntHandlerI2C1 00000000

Symbol: BSP_IntHandlerI2C1
   Definitions
      At line 97 in file ..\BSP\cstartup.s
   Uses
      At line 225 in file ..\BSP\cstartup.s
Comment: BSP_IntHandlerI2C1 used once
BSP_IntHandlerI2S0 00000000

Symbol: BSP_IntHandlerI2S0
   Definitions
      At line 151 in file ..\BSP\cstartup.s



ARM Macro Assembler    Page 8 Alphabetic symbol ordering
External symbols

   Uses
      At line 282 in file ..\BSP\cstartup.s
Comment: BSP_IntHandlerI2S0 used once
BSP_IntHandlerLLW 00000000

Symbol: BSP_IntHandlerLLW
   Definitions
      At line 93 in file ..\BSP\cstartup.s
   Uses
      At line 220 in file ..\BSP\cstartup.s
Comment: BSP_IntHandlerLLW used once
BSP_IntHandlerLPTimer 00000000

Symbol: BSP_IntHandlerLPTimer
   Definitions
      At line 157 in file ..\BSP\cstartup.s
   Uses
      At line 288 in file ..\BSP\cstartup.s
Comment: BSP_IntHandlerLPTimer used once
BSP_IntHandlerLVDLVW 00000000

Symbol: BSP_IntHandlerLVDLVW
   Definitions
      At line 92 in file ..\BSP\cstartup.s
   Uses
      At line 219 in file ..\BSP\cstartup.s
Comment: BSP_IntHandlerLVDLVW used once
BSP_IntHandlerMCG 00000000

Symbol: BSP_IntHandlerMCG
   Definitions
      At line 156 in file ..\BSP\cstartup.s
   Uses
      At line 287 in file ..\BSP\cstartup.s
Comment: BSP_IntHandlerMCG used once
BSP_IntHandlerMCM 00000000

Symbol: BSP_IntHandlerMCM
   Definitions
      At line 89 in file ..\BSP\cstartup.s
   Uses
      At line 216 in file ..\BSP\cstartup.s
Comment: BSP_IntHandlerMCM used once
BSP_IntHandlerPDB0 00000000

Symbol: BSP_IntHandlerPDB0
   Definitions
      At line 144 in file ..\BSP\cstartup.s
   Uses
      At line 275 in file ..\BSP\cstartup.s
Comment: BSP_IntHandlerPDB0 used once
BSP_IntHandlerPIT0 00000000

Symbol: BSP_IntHandlerPIT0
   Definitions
      At line 140 in file ..\BSP\cstartup.s
   Uses
      At line 271 in file ..\BSP\cstartup.s
Comment: BSP_IntHandlerPIT0 used once



ARM Macro Assembler    Page 9 Alphabetic symbol ordering
External symbols

BSP_IntHandlerPIT1 00000000

Symbol: BSP_IntHandlerPIT1
   Definitions
      At line 141 in file ..\BSP\cstartup.s
   Uses
      At line 272 in file ..\BSP\cstartup.s
Comment: BSP_IntHandlerPIT1 used once
BSP_IntHandlerPIT2 00000000

Symbol: BSP_IntHandlerPIT2
   Definitions
      At line 142 in file ..\BSP\cstartup.s
   Uses
      At line 273 in file ..\BSP\cstartup.s
Comment: BSP_IntHandlerPIT2 used once
BSP_IntHandlerPIT3 00000000

Symbol: BSP_IntHandlerPIT3
   Definitions
      At line 143 in file ..\BSP\cstartup.s
   Uses
      At line 274 in file ..\BSP\cstartup.s
Comment: BSP_IntHandlerPIT3 used once
BSP_IntHandlerPortA 00000000

Symbol: BSP_IntHandlerPortA
   Definitions
      At line 159 in file ..\BSP\cstartup.s
   Uses
      At line 291 in file ..\BSP\cstartup.s
Comment: BSP_IntHandlerPortA used once
BSP_IntHandlerPortB 00000000

Symbol: BSP_IntHandlerPortB
   Definitions
      At line 160 in file ..\BSP\cstartup.s
   Uses
      At line 292 in file ..\BSP\cstartup.s
Comment: BSP_IntHandlerPortB used once
BSP_IntHandlerPortC 00000000

Symbol: BSP_IntHandlerPortC
   Definitions
      At line 161 in file ..\BSP\cstartup.s
   Uses
      At line 293 in file ..\BSP\cstartup.s
Comment: BSP_IntHandlerPortC used once
BSP_IntHandlerPortD 00000000

Symbol: BSP_IntHandlerPortD
   Definitions
      At line 162 in file ..\BSP\cstartup.s
   Uses
      At line 294 in file ..\BSP\cstartup.s
Comment: BSP_IntHandlerPortD used once
BSP_IntHandlerPortE 00000000

Symbol: BSP_IntHandlerPortE



ARM Macro Assembler    Page 10 Alphabetic symbol ordering
External symbols

   Definitions
      At line 163 in file ..\BSP\cstartup.s
   Uses
      At line 295 in file ..\BSP\cstartup.s
Comment: BSP_IntHandlerPortE used once
BSP_IntHandlerRNGB 00000000

Symbol: BSP_IntHandlerRNGB
   Definitions
      At line 95 in file ..\BSP\cstartup.s
   Uses
      At line 222 in file ..\BSP\cstartup.s
Comment: BSP_IntHandlerRNGB used once
BSP_IntHandlerRTC 00000000

Symbol: BSP_IntHandlerRTC
   Definitions
      At line 138 in file ..\BSP\cstartup.s
   Uses
      At line 269 in file ..\BSP\cstartup.s
Comment: BSP_IntHandlerRTC used once
BSP_IntHandlerReadCollision 00000000

Symbol: BSP_IntHandlerReadCollision
   Definitions
      At line 91 in file ..\BSP\cstartup.s
   Uses
      At line 218 in file ..\BSP\cstartup.s
Comment: BSP_IntHandlerReadCollision used once
BSP_IntHandlerReserved102 00000000

Symbol: BSP_IntHandlerReserved102
   Definitions
      At line 158 in file ..\BSP\cstartup.s
   Uses
      At line 289 in file ..\BSP\cstartup.s
Comment: BSP_IntHandlerReserved102 used once
BSP_IntHandlerReserved108 00000000

Symbol: BSP_IntHandlerReserved108
   Definitions
      At line 164 in file ..\BSP\cstartup.s
   Uses
      At line 297 in file ..\BSP\cstartup.s
Comment: BSP_IntHandlerReserved108 used once
BSP_IntHandlerReserved109 00000000

Symbol: BSP_IntHandlerReserved109
   Definitions
      At line 165 in file ..\BSP\cstartup.s
   Uses
      At line 298 in file ..\BSP\cstartup.s
Comment: BSP_IntHandlerReserved109 used once
BSP_IntHandlerReserved110 00000000

Symbol: BSP_IntHandlerReserved110
   Definitions
      At line 166 in file ..\BSP\cstartup.s
   Uses



ARM Macro Assembler    Page 11 Alphabetic symbol ordering
External symbols

      At line 299 in file ..\BSP\cstartup.s
Comment: BSP_IntHandlerReserved110 used once
BSP_IntHandlerReserved111 00000000

Symbol: BSP_IntHandlerReserved111
   Definitions
      At line 167 in file ..\BSP\cstartup.s
   Uses
      At line 300 in file ..\BSP\cstartup.s
Comment: BSP_IntHandlerReserved111 used once
BSP_IntHandlerReserved112 00000000

Symbol: BSP_IntHandlerReserved112
   Definitions
      At line 168 in file ..\BSP\cstartup.s
   Uses
      At line 301 in file ..\BSP\cstartup.s
Comment: BSP_IntHandlerReserved112 used once
BSP_IntHandlerReserved113 00000000

Symbol: BSP_IntHandlerReserved113
   Definitions
      At line 169 in file ..\BSP\cstartup.s
   Uses
      At line 302 in file ..\BSP\cstartup.s
Comment: BSP_IntHandlerReserved113 used once
BSP_IntHandlerReserved114 00000000

Symbol: BSP_IntHandlerReserved114
   Definitions
      At line 170 in file ..\BSP\cstartup.s
   Uses
      At line 303 in file ..\BSP\cstartup.s
Comment: BSP_IntHandlerReserved114 used once
BSP_IntHandlerReserved115 00000000

Symbol: BSP_IntHandlerReserved115
   Definitions
      At line 171 in file ..\BSP\cstartup.s
   Uses
      At line 304 in file ..\BSP\cstartup.s
Comment: BSP_IntHandlerReserved115 used once
BSP_IntHandlerReserved116 00000000

Symbol: BSP_IntHandlerReserved116
   Definitions
      At line 172 in file ..\BSP\cstartup.s
   Uses
      At line 305 in file ..\BSP\cstartup.s
Comment: BSP_IntHandlerReserved116 used once
BSP_IntHandlerReserved117 00000000

Symbol: BSP_IntHandlerReserved117
   Definitions
      At line 173 in file ..\BSP\cstartup.s
   Uses
      At line 306 in file ..\BSP\cstartup.s
Comment: BSP_IntHandlerReserved117 used once
BSP_IntHandlerReserved118 00000000



ARM Macro Assembler    Page 12 Alphabetic symbol ordering
External symbols


Symbol: BSP_IntHandlerReserved118
   Definitions
      At line 174 in file ..\BSP\cstartup.s
   Uses
      At line 307 in file ..\BSP\cstartup.s
Comment: BSP_IntHandlerReserved118 used once
BSP_IntHandlerReserved119 00000000

Symbol: BSP_IntHandlerReserved119
   Definitions
      At line 175 in file ..\BSP\cstartup.s
   Uses
      At line 308 in file ..\BSP\cstartup.s
Comment: BSP_IntHandlerReserved119 used once
BSP_IntHandlerReserved83 00000000

Symbol: BSP_IntHandlerReserved83
   Definitions
      At line 139 in file ..\BSP\cstartup.s
   Uses
      At line 270 in file ..\BSP\cstartup.s
Comment: BSP_IntHandlerReserved83 used once
BSP_IntHandlerSDHC 00000000

Symbol: BSP_IntHandlerSDHC
   Definitions
      At line 152 in file ..\BSP\cstartup.s
   Uses
      At line 283 in file ..\BSP\cstartup.s
Comment: BSP_IntHandlerSDHC used once
BSP_IntHandlerSPI0 00000000

Symbol: BSP_IntHandlerSPI0
   Definitions
      At line 98 in file ..\BSP\cstartup.s
   Uses
      At line 226 in file ..\BSP\cstartup.s
Comment: BSP_IntHandlerSPI0 used once
BSP_IntHandlerSPI1 00000000

Symbol: BSP_IntHandlerSPI1
   Definitions
      At line 99 in file ..\BSP\cstartup.s
   Uses
      At line 227 in file ..\BSP\cstartup.s
Comment: BSP_IntHandlerSPI1 used once
BSP_IntHandlerSPI2 00000000

Symbol: BSP_IntHandlerSPI2
   Definitions
      At line 100 in file ..\BSP\cstartup.s
   Uses
      At line 228 in file ..\BSP\cstartup.s
Comment: BSP_IntHandlerSPI2 used once
BSP_IntHandlerTSI0 00000000

Symbol: BSP_IntHandlerTSI0
   Definitions



ARM Macro Assembler    Page 13 Alphabetic symbol ordering
External symbols

      At line 155 in file ..\BSP\cstartup.s
   Uses
      At line 286 in file ..\BSP\cstartup.s
Comment: BSP_IntHandlerTSI0 used once
BSP_IntHandlerUART0Err 00000000

Symbol: BSP_IntHandlerUART0Err
   Definitions
      At line 118 in file ..\BSP\cstartup.s
   Uses
      At line 248 in file ..\BSP\cstartup.s
Comment: BSP_IntHandlerUART0Err used once
BSP_IntHandlerUART0RxTx 00000000

Symbol: BSP_IntHandlerUART0RxTx
   Definitions
      At line 117 in file ..\BSP\cstartup.s
   Uses
      At line 247 in file ..\BSP\cstartup.s
Comment: BSP_IntHandlerUART0RxTx used once
BSP_IntHandlerUART1Err 00000000

Symbol: BSP_IntHandlerUART1Err
   Definitions
      At line 120 in file ..\BSP\cstartup.s
   Uses
      At line 250 in file ..\BSP\cstartup.s
Comment: BSP_IntHandlerUART1Err used once
BSP_IntHandlerUART1RxTx 00000000

Symbol: BSP_IntHandlerUART1RxTx
   Definitions
      At line 119 in file ..\BSP\cstartup.s
   Uses
      At line 249 in file ..\BSP\cstartup.s
Comment: BSP_IntHandlerUART1RxTx used once
BSP_IntHandlerUART2Err 00000000

Symbol: BSP_IntHandlerUART2Err
   Definitions
      At line 122 in file ..\BSP\cstartup.s
   Uses
      At line 252 in file ..\BSP\cstartup.s
Comment: BSP_IntHandlerUART2Err used once
BSP_IntHandlerUART2RxTx 00000000

Symbol: BSP_IntHandlerUART2RxTx
   Definitions
      At line 121 in file ..\BSP\cstartup.s
   Uses
      At line 251 in file ..\BSP\cstartup.s
Comment: BSP_IntHandlerUART2RxTx used once
BSP_IntHandlerUART3Err 00000000

Symbol: BSP_IntHandlerUART3Err
   Definitions
      At line 124 in file ..\BSP\cstartup.s
   Uses
      At line 254 in file ..\BSP\cstartup.s



ARM Macro Assembler    Page 14 Alphabetic symbol ordering
External symbols

Comment: BSP_IntHandlerUART3Err used once
BSP_IntHandlerUART3RxTx 00000000

Symbol: BSP_IntHandlerUART3RxTx
   Definitions
      At line 123 in file ..\BSP\cstartup.s
   Uses
      At line 253 in file ..\BSP\cstartup.s
Comment: BSP_IntHandlerUART3RxTx used once
BSP_IntHandlerUART4Err 00000000

Symbol: BSP_IntHandlerUART4Err
   Definitions
      At line 126 in file ..\BSP\cstartup.s
   Uses
      At line 256 in file ..\BSP\cstartup.s
Comment: BSP_IntHandlerUART4Err used once
BSP_IntHandlerUART4RxTx 00000000

Symbol: BSP_IntHandlerUART4RxTx
   Definitions
      At line 125 in file ..\BSP\cstartup.s
   Uses
      At line 255 in file ..\BSP\cstartup.s
Comment: BSP_IntHandlerUART4RxTx used once
BSP_IntHandlerUART5Err 00000000

Symbol: BSP_IntHandlerUART5Err
   Definitions
      At line 128 in file ..\BSP\cstartup.s
   Uses
      At line 258 in file ..\BSP\cstartup.s
Comment: BSP_IntHandlerUART5Err used once
BSP_IntHandlerUART5RxTx 00000000

Symbol: BSP_IntHandlerUART5RxTx
   Definitions
      At line 127 in file ..\BSP\cstartup.s
   Uses
      At line 257 in file ..\BSP\cstartup.s
Comment: BSP_IntHandlerUART5RxTx used once
BSP_IntHandlerUDB0 00000000

Symbol: BSP_IntHandlerUDB0
   Definitions
      At line 145 in file ..\BSP\cstartup.s
   Uses
      At line 276 in file ..\BSP\cstartup.s
Comment: BSP_IntHandlerUDB0 used once
BSP_IntHandlerUSBDCD 00000000

Symbol: BSP_IntHandlerUSBDCD
   Definitions
      At line 146 in file ..\BSP\cstartup.s
   Uses
      At line 277 in file ..\BSP\cstartup.s
Comment: BSP_IntHandlerUSBDCD used once
BSP_IntHandlerWatchdog 00000000




ARM Macro Assembler    Page 15 Alphabetic symbol ordering
External symbols

Symbol: BSP_IntHandlerWatchdog
   Definitions
      At line 94 in file ..\BSP\cstartup.s
   Uses
      At line 221 in file ..\BSP\cstartup.s
Comment: BSP_IntHandlerWatchdog used once
OS_CPU_PendSVHandler 00000000

Symbol: OS_CPU_PendSVHandler
   Definitions
      At line 177 in file ..\BSP\cstartup.s
   Uses
      At line 194 in file ..\BSP\cstartup.s
Comment: OS_CPU_PendSVHandler used once
OS_CPU_SysTickHandler 00000000

Symbol: OS_CPU_SysTickHandler
   Definitions
      At line 178 in file ..\BSP\cstartup.s
   Uses
      At line 195 in file ..\BSP\cstartup.s
Comment: OS_CPU_SysTickHandler used once
__main 00000000

Symbol: __main
   Definitions
      At line 502 in file ..\BSP\cstartup.s
   Uses
      At line 503 in file ..\BSP\cstartup.s
Comment: __main used once
__use_two_region_memory 00000000

Symbol: __use_two_region_memory
   Definitions
      At line 565 in file ..\BSP\cstartup.s
   Uses
      None
Comment: __use_two_region_memory unused
108 symbols
490 symbols in table
